Arguments: 
  C:\Program Files\nodejs\node.exe C:\Users\lxm\AppData\Roaming\npm\node_modules\yarn\bin\yarn.js

PATH: 
  C:\Users\lxm\bin;C:\Program Files\Git\mingw64\bin;C:\Program Files\Git\usr\local\bin;C:\Program Files\Git\usr\bin;C:\Program Files\Git\usr\bin;C:\Program Files\Git\mingw64\bin;C:\Program Files\Git\usr\bin;C:\Users\lxm\bin;C:\Program Files\Common Files\Oracle\Java\javapath;C:\Program Files\Microsoft\jdk-11.0.18.10-hotspot\bin;C:\WINDOWS\system32;C:\WINDOWS;C:\WINDOWS\System32\Wbem;C:\WINDOWS\System32\WindowsPowerShell\v1.0;C:\WINDOWS\System32\OpenSSH;C:\Program Files\Git\cmd;C:\Program Files (x86)\NVIDIA Corporation\PhysX\Common;C:\Program Files\dotnet;C:\Program Files\Cloudflare\Cloudflare WARP;C:\Program Files\PuTTY;C:\Program Files\Docker\Docker\resources\bin;C:\Program Files\GitHub CLI;C:\Users\lxm\AppData\Roaming\nvm;C:\Program Files\nodejs;C:\Program Files\PostgreSQL\15\bin;C:\ProgramData\chocolatey\bin;C:\Program Files\Go\bin;C:\Gradle\gradle-8.1.1\bin;C:\instantclient\bin;C:\instantclient;C:\Program Files (x86)\Google\Cloud SDK\google-cloud-sdk\bin;C:\Program Files\Microsoft SQL Server\150\Tools\Binn;C:\Program Files\Microsoft SQL Server\Client SDK\ODBC\170\Tools\Binn;C:\Users\lxm\scoop\apps\openjdk11\current\bin;C:\Users\lxm\scoop\shims;C:\Users\lxm\AppData\Local\Programs\Python\Python310\Scripts;C:\Users\lxm\AppData\Local\Programs\Python\Python310;C:\Users\lxm\AppData\Local\Microsoft\WindowsApps;C:\Users\lxm\AppData\Roaming\npm;C:\Users\lxm\AppData\Local\Programs\Microsoft VS Code\bin;C:\Users\lxm\.dotnet\tools;C:\Program Files\JetBrains\IntelliJ IDEA Community Edition 2022.2.3\bin;C:\MinGW\bin;C:\Users\lxm\AppData\Roaming\nvm;C:\Program Files\nodejs;C:\Users\lxm\AppData\Local\Android\Sdk\platform-tools;C:\Users\lxm\go\bin;C:\Program Files\JetBrains\IntelliJ IDEA Community Edition 2023.1.1\bin;C:\Users\lxm\AppData\Local\GitHubDesktop\bin;C:\Users\lxm\.dotnet\tools;C:\Users\lxm\AppData\Local\Google\Cloud SDK\google-cloud-sdk\bin;C:\Program Files\Git\usr\bin\vendor_perl;C:\Program Files\Git\usr\bin\core_perl

Yarn version: 
  1.22.19

Node version: 
  18.17.1

Platform: 
  win32 x64

Trace: 
  TypeError [ERR_INVALID_URL]: Invalid URL
      at new NodeError (node:internal/errors:405:5)
      at Url.parse (node:url:445:17)
      at urlParse (node:url:167:13)
      at Function.isVersion (C:\Users\lxm\AppData\Roaming\npm\node_modules\yarn\lib\cli.js:37204:21)
      at getExoticResolver (C:\Users\lxm\AppData\Roaming\npm\node_modules\yarn\lib\cli.js:29718:18)
      at PackageRequest.<anonymous> (C:\Users\lxm\AppData\Roaming\npm\node_modules\yarn\lib\cli.js:36566:76)
      at Generator.next (<anonymous>)
      at step (C:\Users\lxm\AppData\Roaming\npm\node_modules\yarn\lib\cli.js:310:30)
      at C:\Users\lxm\AppData\Roaming\npm\node_modules\yarn\lib\cli.js:321:13
      at process.processTicksAndRejections (node:internal/process/task_queues:95:5)

npm manifest: 
  {
    "name": "",
    "private": true,
    "sideEffects": false,
    "scripts": {
      "build": "remix build",
      "dev": "remix dev -c \"npm run dev:serve\"",
      "dev:serve": "binode --require ./mocks -- @remix-run/serve:remix-serve ./build/index.js",
      "format": "prettier --write .",
      "format:repo": "npm run format && npm run lint -- --fix",
      "lint": "eslint --cache --cache-location ./node_modules/.cache/eslint .",
      "setup": "prisma generate && prisma migrate deploy && prisma db seed",
      "start": "remix-serve ./build/index.js",
      "start:mocks": "binode --require ./mocks -- @remix-run/serve:remix-serve ./build/index.js",
      "test": "vitest",
      "test:e2e:dev": "start-server-and-test dev http://localhost:3000 \"npx cypress open\"",
      "pretest:e2e:run": "npm run build",
      "test:e2e:run": "cross-env PORT=8811 start-server-and-test start:mocks http://localhost:8811 \"npx cypress run\"",
      "typecheck": "tsc && tsc -p cypress",
      "validate": "run-p \"test -- --run\" lint typecheck test:e2e:run"
    },
    "prettier": {},
    "eslintIgnore": [
      "/node_modules",
      "/build",
      "/public/build"
    ],
    "dependencies": {
      "@hookform/resolvers": "^3.3.4",
      "@prisma/client": "^4.16.2",
      "@radix-ui/react-avatar": "^1.0.4",
      "@radix-ui/react-dropdown-menu": "^2.0.6",
      "@radix-ui/react-label": "^2.0.2",
      "@radix-ui/react-scroll-area": "^1.0.5",
      "@radix-ui/react-separator": "^1.0.3",
      "@radix-ui/react-slot": "^1.0.2",
      "@remix-run/css-bundle": "^2.5.1",
      "@remix-run/express": "^1.19.3",
      "@remix-run/node": "^2.5.1",
      "@remix-run/react": "^2.5.1",
      "@remix-run/serve": "^2.5.1",
      "clsx": "^2.1.0",
      "isbot": "^3.7.0",
      "lucide-react": "^0.314.0",
      "react": "^18.2.0",
      "react-dom": "^18.2.0",
      "react-hook-form": "^7.49.3",
      "remix-flat-routes": "^0.6.4",
      "remix-themes": "^1.2.2",
      "socket.io-client": "^4.4.1",
      "tailwind-merge": "^2.2.1",
      "tailwindcss-animate": "^1.0.7"
    },
    "devDependencies": {
      "@remix-run/dev": "^2.5.1",
      "@testing-library/cypress": "^10.0.1",
      "@testing-library/jest-dom": "^6.1.4",
      "@types/bcryptjs": "^2.4.5",
      "@types/compression": "^1.7.5",
      "@types/eslint": "^8.44.6",
      "@types/express": "^4.17.21",
      "@types/morgan": "^1.9.9",
      "@types/node": "^18.18.6",
      "@types/react": "^18.2.31",
      "@types/react-dom": "^18.2.14",
      "@typescript-eslint/eslint-plugin": "^6.8.0",
      "@typescript-eslint/parser": "^6.8.0",
      "@vitejs/plugin-react": "^4.1.0",
      "@vitest/coverage-v8": "^0.34.6",
      "autoprefixer": "^10.4.17",
      "binode": "^1.0.5",
      "cookie": "^0.5.0",
      "cross-env": "^7.0.3",
      "cypress": "^13.3.2",
      "eslint": "^8.52.0",
      "eslint-config-prettier": "^9.0.0",
      "eslint-import-resolver-typescript": "^3.6.1",
      "eslint-plugin-cypress": "^2.15.1",
      "eslint-plugin-import": "^2.28.1",
      "eslint-plugin-jest": "^27.4.3",
      "eslint-plugin-jest-dom": "^5.1.0",
      "eslint-plugin-jsx-a11y": "^6.7.1",
      "eslint-plugin-markdown": "^3.0.1",
      "eslint-plugin-react": "^7.33.2",
      "eslint-plugin-react-hooks": "^4.6.0",
      "eslint-plugin-testing-library": "^6.1.0",
      "happy-dom": "^12.9.1",
      "msw": "^1.3.2",
      "npm-run-all": "^4.1.5",
      "postcss": "^8.4.31",
      "prettier": "3.0.3",
      "prettier-plugin-tailwindcss": "^0.5.6",
      "prisma": "^4.16.2",
      "tailwindcss": "^3.4.1",
      "ts-node": "^10.9.1",
      "tsconfig-paths": "^4.2.0",
      "typescript": "^5.2.2",
      "vite": "^4.5.0",
      "vite-tsconfig-paths": "^4.2.1",
      "vitest": "^0.34.6"
    },
    "engines": {
      "node": ">=18.0.0"
    },
    "prisma": {
      "seed": "ts-node -r tsconfig-paths/register prisma/seed.ts"
    }
  }

yarn manifest: 
  No manifest

Lockfile: 
  No lockfile
